<?xml version="1.0" encoding="UTF-8"?>
<!-- Generated by org.testng.reporters.JUnitReportReporter -->
<testsuite hostname="LAPTOP-DILGNM6O" failures="0" tests="7" name="com.sgtesting.basicscenariostestng.basicscenario1TestNG" time="57.061" errors="0" timestamp="2022-06-11T20:20:29 IST" skipped="0">
  <testcase classname="com.sgtesting.basicscenariostestng.basicscenario1TestNG" name="launchbrowser" time="4.397"/>
  <system-out/>
  <testcase classname="com.sgtesting.basicscenariostestng.basicscenario1TestNG" name="navigate" time="8.228"/>
  <system-out/>
  <testcase classname="com.sgtesting.basicscenariostestng.basicscenario1TestNG" name="login" time="8.147"/>
  <system-out/>
  <testcase classname="com.sgtesting.basicscenariostestng.basicscenario1TestNG" name="createuser" time="12.037"/>
  <system-out/>
  <testcase classname="com.sgtesting.basicscenariostestng.basicscenario1TestNG" name="deleteuser" time="12.050"/>
  <system-out/>
  <testcase classname="com.sgtesting.basicscenariostestng.basicscenario1TestNG" name="logout" time="12.031"/>
  <system-out/>
  <testcase classname="com.sgtesting.basicscenariostestng.basicscenario1TestNG" name="closeapplication" time="0.171"/>
  <system-out/>
</testsuite> <!-- com.sgtesting.basicscenariostestng.basicscenario1TestNG -->
