<?xml version="1.0" encoding="UTF-8"?>
<!-- Generated by org.testng.reporters.JUnitReportReporter -->
<testsuite hostname="LAPTOP-DILGNM6O" failures="0" tests="12" name="com.sgtesting.testngbasic.BasicScenarioTestNG7" time="45.652" errors="0" timestamp="2022-06-14T15:18:04 IST" skipped="0">
  <testcase classname="com.sgtesting.testngbasic.BasicScenarioTestNG7" name="launchbroswer" time="3.001"/>
  <system-out/>
  <testcase classname="com.sgtesting.testngbasic.BasicScenarioTestNG7" name="navigate" time="1.735"/>
  <system-out/>
  <testcase classname="com.sgtesting.testngbasic.BasicScenarioTestNG7" name="login" time="3.380"/>
  <system-out/>
  <testcase classname="com.sgtesting.testngbasic.BasicScenarioTestNG7" name="minimizeflyout" time="2.619"/>
  <system-out/>
  <testcase classname="com.sgtesting.testngbasic.BasicScenarioTestNG7" name="createcustomer" time="7.143"/>
  <system-out/>
  <testcase classname="com.sgtesting.testngbasic.BasicScenarioTestNG7" name="createproject" time="5.829"/>
  <system-out/>
  <testcase classname="com.sgtesting.testngbasic.BasicScenarioTestNG7" name="createtask" time="4.741"/>
  <system-out/>
  <testcase classname="com.sgtesting.testngbasic.BasicScenarioTestNG7" name="deletetask" time="4.693"/>
  <system-out/>
  <testcase classname="com.sgtesting.testngbasic.BasicScenarioTestNG7" name="DeleteProject" time="4.743"/>
  <system-out/>
  <testcase classname="com.sgtesting.testngbasic.BasicScenarioTestNG7" name="deletecustomer" time="5.577"/>
  <system-out/>
  <testcase classname="com.sgtesting.testngbasic.BasicScenarioTestNG7" name="logout" time="1.457"/>
  <system-out/>
  <testcase classname="com.sgtesting.testngbasic.BasicScenarioTestNG7" name="closeapplication" time="0.734"/>
  <system-out/>
</testsuite> <!-- com.sgtesting.testngbasic.BasicScenarioTestNG7 -->
