<?xml version="1.0" encoding="UTF-8"?>
<!-- Generated by org.testng.reporters.JUnitReportReporter -->
<testsuite hostname="LAPTOP-DILGNM6O" failures="0" tests="11" name="com.sgtesting.testngbasic.BasicScenarioTestNG6" time="41.343" errors="0" timestamp="2022-06-14T15:18:04 IST" skipped="0">
  <testcase classname="com.sgtesting.testngbasic.BasicScenarioTestNG6" name="launchbroswer" time="2.774"/>
  <system-out/>
  <testcase classname="com.sgtesting.testngbasic.BasicScenarioTestNG6" name="navigate" time="1.881"/>
  <system-out/>
  <testcase classname="com.sgtesting.testngbasic.BasicScenarioTestNG6" name="login" time="3.397"/>
  <system-out/>
  <testcase classname="com.sgtesting.testngbasic.BasicScenarioTestNG6" name="minimizeflyout" time="3.212"/>
  <system-out/>
  <testcase classname="com.sgtesting.testngbasic.BasicScenarioTestNG6" name="createcustomer" time="6.094"/>
  <system-out/>
  <testcase classname="com.sgtesting.testngbasic.BasicScenarioTestNG6" name="createproject" time="5.546"/>
  <system-out/>
  <testcase classname="com.sgtesting.testngbasic.BasicScenarioTestNG6" name="modifyproject" time="5.893"/>
  <system-out/>
  <testcase classname="com.sgtesting.testngbasic.BasicScenarioTestNG6" name="DeleteProject" time="4.689"/>
  <system-out/>
  <testcase classname="com.sgtesting.testngbasic.BasicScenarioTestNG6" name="deletecustomer" time="5.754"/>
  <system-out/>
  <testcase classname="com.sgtesting.testngbasic.BasicScenarioTestNG6" name="logout" time="1.460"/>
  <system-out/>
  <testcase classname="com.sgtesting.testngbasic.BasicScenarioTestNG6" name="closeapplication" time="0.643"/>
  <system-out/>
</testsuite> <!-- com.sgtesting.testngbasic.BasicScenarioTestNG6 -->
