<?xml version="1.0" encoding="UTF-8"?>
<!-- Generated by org.testng.reporters.JUnitReportReporter -->
<testsuite hostname="LAPTOP-DILGNM6O" failures="0" tests="9" name="com.sgtesting.testngbasic.BAsicScenarioTestNG2" time="39.366" errors="0" timestamp="2022-06-14T15:18:04 IST" skipped="0">
  <testcase classname="com.sgtesting.testngbasic.BAsicScenarioTestNG2" name="launchbrowser" time="2.797"/>
  <system-out/>
  <testcase classname="com.sgtesting.testngbasic.BAsicScenarioTestNG2" name="navigate" time="2.404"/>
  <system-out/>
  <testcase classname="com.sgtesting.testngbasic.BAsicScenarioTestNG2" name="login" time="3.557"/>
  <system-out/>
  <testcase classname="com.sgtesting.testngbasic.BAsicScenarioTestNG2" name="minimizeflyout" time="2.345"/>
  <system-out/>
  <testcase classname="com.sgtesting.testngbasic.BAsicScenarioTestNG2" name="createuser" time="13.518"/>
  <system-out/>
  <testcase classname="com.sgtesting.testngbasic.BAsicScenarioTestNG2" name="Modifyuser" time="4.751"/>
  <system-out/>
  <testcase classname="com.sgtesting.testngbasic.BAsicScenarioTestNG2" name="deleteuser" time="4.375"/>
  <system-out/>
  <testcase classname="com.sgtesting.testngbasic.BAsicScenarioTestNG2" name="Logout" time="3.390"/>
  <system-out/>
  <testcase classname="com.sgtesting.testngbasic.BAsicScenarioTestNG2" name="closeapplication" time="2.229"/>
  <system-out/>
</testsuite> <!-- com.sgtesting.testngbasic.BAsicScenarioTestNG2 -->
