<?xml version="1.0" encoding="UTF-8"?>
<!-- Generated by org.testng.reporters.JUnitReportReporter -->
<testsuite hostname="LAPTOP-DILGNM6O" failures="0" tests="8" name="com.sgtesting.testngbasic.BasicScenarioTestNG1" time="35.132" errors="0" timestamp="2022-06-14T15:18:04 IST" skipped="0">
  <testcase classname="com.sgtesting.testngbasic.BasicScenarioTestNG1" name="launchbrowser" time="5.535"/>
  <system-out/>
  <testcase classname="com.sgtesting.testngbasic.BasicScenarioTestNG1" name="navigate" time="2.928"/>
  <system-out/>
  <testcase classname="com.sgtesting.testngbasic.BasicScenarioTestNG1" name="login" time="3.320"/>
  <system-out/>
  <testcase classname="com.sgtesting.testngbasic.BasicScenarioTestNG1" name="minimizeflyout" time="3.044"/>
  <system-out/>
  <testcase classname="com.sgtesting.testngbasic.BasicScenarioTestNG1" name="deleteuser" time="4.446"/>
  <system-out/>
  <testcase classname="com.sgtesting.testngbasic.BasicScenarioTestNG1" name="createuser" time="11.526"/>
  <system-out/>
  <testcase classname="com.sgtesting.testngbasic.BasicScenarioTestNG1" name="logout" time="2.415"/>
  <system-out/>
  <testcase classname="com.sgtesting.testngbasic.BasicScenarioTestNG1" name="closeapplication" time="1.918"/>
  <system-out/>
</testsuite> <!-- com.sgtesting.testngbasic.BasicScenarioTestNG1 -->
