<?xml version="1.0" encoding="UTF-8"?>
<!-- Generated by org.testng.reporters.JUnitReportReporter -->
<testsuite hostname="LAPTOP-DILGNM6O" failures="0" tests="10" name="com.sgtesting.testngbasic.BasicScenarioTestNG5" time="36.846" errors="0" timestamp="2022-06-14T15:18:04 IST" skipped="0">
  <testcase classname="com.sgtesting.testngbasic.BasicScenarioTestNG5" name="launchbroswer" time="1.988"/>
  <system-out/>
  <testcase classname="com.sgtesting.testngbasic.BasicScenarioTestNG5" name="navigate" time="1.845"/>
  <system-out/>
  <testcase classname="com.sgtesting.testngbasic.BasicScenarioTestNG5" name="login" time="3.368"/>
  <system-out/>
  <testcase classname="com.sgtesting.testngbasic.BasicScenarioTestNG5" name="minimizeflyout" time="3.642"/>
  <system-out/>
  <testcase classname="com.sgtesting.testngbasic.BasicScenarioTestNG5" name="createcustomer" time="6.471"/>
  <system-out/>
  <testcase classname="com.sgtesting.testngbasic.BasicScenarioTestNG5" name="createproject" time="6.588"/>
  <system-out/>
  <testcase classname="com.sgtesting.testngbasic.BasicScenarioTestNG5" name="DeleteProject" time="4.987"/>
  <system-out/>
  <testcase classname="com.sgtesting.testngbasic.BasicScenarioTestNG5" name="deletecustomer" time="5.848"/>
  <system-out/>
  <testcase classname="com.sgtesting.testngbasic.BasicScenarioTestNG5" name="logout" time="1.450"/>
  <system-out/>
  <testcase classname="com.sgtesting.testngbasic.BasicScenarioTestNG5" name="closeapplication" time="0.659"/>
  <system-out/>
</testsuite> <!-- com.sgtesting.testngbasic.BasicScenarioTestNG5 -->
