<?xml version="1.0" encoding="UTF-8"?>
<!-- Generated by org.testng.reporters.JUnitReportReporter -->
<testsuite hostname="LAPTOP-DILGNM6O" failures="0" tests="39" name="com.sgtesting.advancescenariotestng.AdvanceScenarioTestng2" time="163.766" errors="0" timestamp="2022-06-14T15:18:04 IST" skipped="0">
  <testcase classname="com.sgtesting.advancescenariotestng.AdvanceScenarioTestng2" name="launchbrowser" time="2.147"/>
  <system-out/>
  <testcase classname="com.sgtesting.advancescenariotestng.AdvanceScenarioTestng2" name="navigate" time="2.891"/>
  <system-out/>
  <testcase classname="com.sgtesting.advancescenariotestng.AdvanceScenarioTestng2" name="loginasadmin1" time="4.557"/>
  <system-out/>
  <testcase classname="com.sgtesting.advancescenariotestng.AdvanceScenarioTestng2" name="minimizeflyout" time="1.165"/>
  <system-out/>
  <testcase classname="com.sgtesting.advancescenariotestng.AdvanceScenarioTestng2" name="createuser1" time="15.177"/>
  <system-out/>
  <testcase classname="com.sgtesting.advancescenariotestng.AdvanceScenarioTestng2" name="logout1" time="2.435"/>
  <system-out/>
  <testcase classname="com.sgtesting.advancescenariotestng.AdvanceScenarioTestng2" name="loginasuser1" time="14.892"/>
  <system-out/>
  <testcase classname="com.sgtesting.advancescenariotestng.AdvanceScenarioTestng2" name="createuser2" time="11.602"/>
  <system-out/>
  <testcase classname="com.sgtesting.advancescenariotestng.AdvanceScenarioTestng2" name="logoutasuser1" time="1.452"/>
  <system-out/>
  <testcase classname="com.sgtesting.advancescenariotestng.AdvanceScenarioTestng2" name="loginasuser2" time="6.527"/>
  <system-out/>
  <testcase classname="com.sgtesting.advancescenariotestng.AdvanceScenarioTestng2" name="createuser3" time="12.387"/>
  <system-out/>
  <testcase classname="com.sgtesting.advancescenariotestng.AdvanceScenarioTestng2" name="logoutasuser2" time="1.457"/>
  <system-out/>
  <testcase classname="com.sgtesting.advancescenariotestng.AdvanceScenarioTestng2" name="loginasuser3" time="7.530"/>
  <system-out/>
  <testcase classname="com.sgtesting.advancescenariotestng.AdvanceScenarioTestng2" name="logoutasuser3" time="1.410"/>
  <system-out/>
  <testcase classname="com.sgtesting.advancescenariotestng.AdvanceScenarioTestng2" name="loginasuser22" time="3.563"/>
  <system-out/>
  <testcase classname="com.sgtesting.advancescenariotestng.AdvanceScenarioTestng2" name="modifypwduser3" time="6.761"/>
  <system-out/>
  <testcase classname="com.sgtesting.advancescenariotestng.AdvanceScenarioTestng2" name="logoutasuser22" time="1.471"/>
  <system-out/>
  <testcase classname="com.sgtesting.advancescenariotestng.AdvanceScenarioTestng2" name="loginwithmodifypwduser3" time="3.539"/>
  <system-out/>
  <testcase classname="com.sgtesting.advancescenariotestng.AdvanceScenarioTestng2" name="logoutasuser33" time="1.406"/>
  <system-out/>
  <testcase classname="com.sgtesting.advancescenariotestng.AdvanceScenarioTestng2" name="loginasuser11" time="3.517"/>
  <system-out/>
  <testcase classname="com.sgtesting.advancescenariotestng.AdvanceScenarioTestng2" name="modifypwduser2" time="6.619"/>
  <system-out/>
  <testcase classname="com.sgtesting.advancescenariotestng.AdvanceScenarioTestng2" name="logoutasuser11" time="1.527"/>
  <system-out/>
  <testcase classname="com.sgtesting.advancescenariotestng.AdvanceScenarioTestng2" name="loginwithmodifypwduser2" time="3.430"/>
  <system-out/>
  <testcase classname="com.sgtesting.advancescenariotestng.AdvanceScenarioTestng2" name="logoutasuser222" time="1.401"/>
  <system-out/>
  <testcase classname="com.sgtesting.advancescenariotestng.AdvanceScenarioTestng2" name="loginasadmin11" time="4.439"/>
  <system-out/>
  <testcase classname="com.sgtesting.advancescenariotestng.AdvanceScenarioTestng2" name="modifypwduser1" time="7.648"/>
  <system-out/>
  <testcase classname="com.sgtesting.advancescenariotestng.AdvanceScenarioTestng2" name="logoutasadmin2" time="1.527"/>
  <system-out/>
  <testcase classname="com.sgtesting.advancescenariotestng.AdvanceScenarioTestng2" name="loginwithmodifypwduser1" time="3.556"/>
  <system-out/>
  <testcase classname="com.sgtesting.advancescenariotestng.AdvanceScenarioTestng2" name="logoutasuser111" time="1.676"/>
  <system-out/>
  <testcase classname="com.sgtesting.advancescenariotestng.AdvanceScenarioTestng2" name="loginwithmodifypwduser22" time="3.400"/>
  <system-out/>
  <testcase classname="com.sgtesting.advancescenariotestng.AdvanceScenarioTestng2" name="Deleteuser3" time="6.217"/>
  <system-out/>
  <testcase classname="com.sgtesting.advancescenariotestng.AdvanceScenarioTestng2" name="logoutasuser333" time="1.462"/>
  <system-out/>
  <testcase classname="com.sgtesting.advancescenariotestng.AdvanceScenarioTestng2" name="loginwithmodifypwduser11" time="3.508"/>
  <system-out/>
  <testcase classname="com.sgtesting.advancescenariotestng.AdvanceScenarioTestng2" name="Deleteuser2" time="4.114"/>
  <system-out/>
  <testcase classname="com.sgtesting.advancescenariotestng.AdvanceScenarioTestng2" name="logoutasuser1111" time="1.152"/>
  <system-out/>
  <testcase classname="com.sgtesting.advancescenariotestng.AdvanceScenarioTestng2" name="loginasadmin22" time="1.265"/>
  <system-out/>
  <testcase classname="com.sgtesting.advancescenariotestng.AdvanceScenarioTestng2" name="Deleteuser1" time="1.153"/>
  <system-out/>
  <testcase classname="com.sgtesting.advancescenariotestng.AdvanceScenarioTestng2" name="logoutasadmin33" time="1.127"/>
  <system-out/>
  <testcase classname="com.sgtesting.advancescenariotestng.AdvanceScenarioTestng2" name="closeapplication" time="2.659"/>
  <system-out/>
</testsuite> <!-- com.sgtesting.advancescenariotestng.AdvanceScenarioTestng2 -->
