<?xml version="1.0" encoding="UTF-8"?>
<!-- Generated by org.testng.reporters.JUnitReportReporter -->
<testsuite hostname="LAPTOP-DILGNM6O" failures="0" tests="8" name="com.sgtesting.testngbasic.BasicScenarioTestNG3" time="24.434" errors="0" timestamp="2022-06-14T15:18:04 IST" skipped="0">
  <testcase classname="com.sgtesting.testngbasic.BasicScenarioTestNG3" name="launchbroswer" time="2.604"/>
  <system-out/>
  <testcase classname="com.sgtesting.testngbasic.BasicScenarioTestNG3" name="navigate" time="2.307"/>
  <system-out/>
  <testcase classname="com.sgtesting.testngbasic.BasicScenarioTestNG3" name="login" time="3.492"/>
  <system-out/>
  <testcase classname="com.sgtesting.testngbasic.BasicScenarioTestNG3" name="minimizeflyout" time="2.598"/>
  <system-out/>
  <testcase classname="com.sgtesting.testngbasic.BasicScenarioTestNG3" name="createcustomer" time="6.788"/>
  <system-out/>
  <testcase classname="com.sgtesting.testngbasic.BasicScenarioTestNG3" name="deletecustomer" time="4.363"/>
  <system-out/>
  <testcase classname="com.sgtesting.testngbasic.BasicScenarioTestNG3" name="logout" time="1.645"/>
  <system-out/>
  <testcase classname="com.sgtesting.testngbasic.BasicScenarioTestNG3" name="closeapplication" time="0.637"/>
  <system-out/>
</testsuite> <!-- com.sgtesting.testngbasic.BasicScenarioTestNG3 -->
