<?xml version="1.0" encoding="UTF-8"?>
<!-- Generated by org.testng.reporters.JUnitReportReporter -->
<testsuite hostname="LAPTOP-DILGNM6O" failures="0" tests="31" name="com.sgtesting.advancescenariotestng.AdvanceScenarioTestng1" time="137.815" errors="0" timestamp="2022-06-14T15:18:04 IST" skipped="0">
  <testcase classname="com.sgtesting.advancescenariotestng.AdvanceScenarioTestng1" name="launchbrowser" time="2.253"/>
  <system-out/>
  <testcase classname="com.sgtesting.advancescenariotestng.AdvanceScenarioTestng1" name="navigate" time="2.989"/>
  <system-out/>
  <testcase classname="com.sgtesting.advancescenariotestng.AdvanceScenarioTestng1" name="loginasadmin" time="4.421"/>
  <system-out/>
  <testcase classname="com.sgtesting.advancescenariotestng.AdvanceScenarioTestng1" name="minimizeflyout" time="2.382"/>
  <system-out/>
  <testcase classname="com.sgtesting.advancescenariotestng.AdvanceScenarioTestng1" name="createuser1" time="14.250"/>
  <system-out/>
  <testcase classname="com.sgtesting.advancescenariotestng.AdvanceScenarioTestng1" name="createuser2" time="9.381"/>
  <system-out/>
  <testcase classname="com.sgtesting.advancescenariotestng.AdvanceScenarioTestng1" name="createuser3" time="10.474"/>
  <system-out/>
  <testcase classname="com.sgtesting.advancescenariotestng.AdvanceScenarioTestng1" name="logout1" time="2.072"/>
  <system-out/>
  <testcase classname="com.sgtesting.advancescenariotestng.AdvanceScenarioTestng1" name="loginasuser1" time="10.647"/>
  <system-out/>
  <testcase classname="com.sgtesting.advancescenariotestng.AdvanceScenarioTestng1" name="logoutasuser1" time="1.416"/>
  <system-out/>
  <testcase classname="com.sgtesting.advancescenariotestng.AdvanceScenarioTestng1" name="loginasuser2" time="6.051"/>
  <system-out/>
  <testcase classname="com.sgtesting.advancescenariotestng.AdvanceScenarioTestng1" name="logoutasuser2" time="1.411"/>
  <system-out/>
  <testcase classname="com.sgtesting.advancescenariotestng.AdvanceScenarioTestng1" name="loginasuser3" time="6.116"/>
  <system-out/>
  <testcase classname="com.sgtesting.advancescenariotestng.AdvanceScenarioTestng1" name="logoutasuser3" time="1.380"/>
  <system-out/>
  <testcase classname="com.sgtesting.advancescenariotestng.AdvanceScenarioTestng1" name="loginasadmin11" time="4.494"/>
  <system-out/>
  <testcase classname="com.sgtesting.advancescenariotestng.AdvanceScenarioTestng1" name="modifypwduser1" time="8.810"/>
  <system-out/>
  <testcase classname="com.sgtesting.advancescenariotestng.AdvanceScenarioTestng1" name="modifypwduser2" time="4.748"/>
  <system-out/>
  <testcase classname="com.sgtesting.advancescenariotestng.AdvanceScenarioTestng1" name="modifypwduser3" time="4.738"/>
  <system-out/>
  <testcase classname="com.sgtesting.advancescenariotestng.AdvanceScenarioTestng1" name="logout2" time="1.476"/>
  <system-out/>
  <testcase classname="com.sgtesting.advancescenariotestng.AdvanceScenarioTestng1" name="loginwithmodifypwduser1" time="3.541"/>
  <system-out/>
  <testcase classname="com.sgtesting.advancescenariotestng.AdvanceScenarioTestng1" name="logoutasuser11" time="1.346"/>
  <system-out/>
  <testcase classname="com.sgtesting.advancescenariotestng.AdvanceScenarioTestng1" name="loginwithmodifypwduser2" time="3.527"/>
  <system-out/>
  <testcase classname="com.sgtesting.advancescenariotestng.AdvanceScenarioTestng1" name="logoutasuser22" time="1.426"/>
  <system-out/>
  <testcase classname="com.sgtesting.advancescenariotestng.AdvanceScenarioTestng1" name="loginwithmodifypwduser3" time="3.539"/>
  <system-out/>
  <testcase classname="com.sgtesting.advancescenariotestng.AdvanceScenarioTestng1" name="logoutasuser33" time="1.458"/>
  <system-out/>
  <testcase classname="com.sgtesting.advancescenariotestng.AdvanceScenarioTestng1" name="loginasadmin1" time="4.455"/>
  <system-out/>
  <testcase classname="com.sgtesting.advancescenariotestng.AdvanceScenarioTestng1" name="Deleteuser1" time="6.140"/>
  <system-out/>
  <testcase classname="com.sgtesting.advancescenariotestng.AdvanceScenarioTestng1" name="Deleteuser2" time="4.278"/>
  <system-out/>
  <testcase classname="com.sgtesting.advancescenariotestng.AdvanceScenarioTestng1" name="Deleteuser3" time="4.317"/>
  <system-out/>
  <testcase classname="com.sgtesting.advancescenariotestng.AdvanceScenarioTestng1" name="logoutasadmin2" time="1.430"/>
  <system-out/>
  <testcase classname="com.sgtesting.advancescenariotestng.AdvanceScenarioTestng1" name="closeapplication" time="2.849"/>
  <system-out/>
</testsuite> <!-- com.sgtesting.advancescenariotestng.AdvanceScenarioTestng1 -->
